2022-03-22 20:58:14,064 INFO server.py Запущен сервер, порт для подключений: "7777", адрес с которого принимаются подключения: "". Если адрес не указан, принимаются соединения с любых адресов.
2022-03-22 20:58:16,827 DEBUG server.py сообщение от клиента: '{'action': 'presence', 'time': 1647964696.8278658, 'type': 'status', 'user': {'account_name': 'default_user', 'status': 'Status report'}}'
2022-03-22 21:01:14,405 INFO server.py Запущен сервер, порт для подключений: "7777", адрес с которого принимаются подключения: "". Если адрес не указан, принимаются соединения с любых адресов.
2022-03-22 21:01:17,205 DEBUG server.py сообщение от клиента: '{'action': 'presence', 'time': 1647964877.2054276, 'type': 'status', 'user': {'account_name': 'default_user', 'status': 'Status report'}}'
2022-03-22 21:05:56,200 CRITICAL config_server_log.py Критическая ошибка
2022-03-22 21:05:56,201 ERROR config_server_log.py Ошибка
2022-03-22 21:05:56,201 INFO config_server_log.py Информационное сообщение
2022-03-22 21:05:56,201 DEBUG config_server_log.py Отладочная информация
2022-03-22 21:06:34,302 CRITICAL config_server_log.py Критическая ошибка
2022-03-22 21:06:34,303 ERROR config_server_log.py Ошибка
2022-03-22 21:06:34,303 INFO config_server_log.py Информационное сообщение
2022-03-22 21:06:34,303 DEBUG config_server_log.py Отладочная информация
2022-03-22 21:13:06,333 INFO server.py Запущен сервер, порт для подключений: "7777", адрес с которого принимаются подключения: "". Если адрес не указан, принимаются соединения с любых адресов.
2022-03-22 21:13:09,332 DEBUG server.py сообщение от клиента: '{'action': 'presence', 'time': 1647965589.3325057, 'type': 'status', 'user': {'account_name': 'default_user', 'status': 'Status report'}}'
2022-03-22 21:13:09,332 DEBUG server.py сформированный ответ: '{'response': 200, 'alert': 'OK'}'
2022-03-22 21:17:10,347 INFO server.py Запущен сервер, порт для подключений: "7777", адрес с которого принимаются подключения: "". Если адрес не указан, принимаются соединения с любых адресов.
2022-03-22 21:19:27,194 INFO server.py Запущен сервер, порт для подключений: "7777", адрес с которого принимаются подключения: "". Если адрес не указан, принимаются соединения с любых адресов.
2022-03-22 21:19:43,439 INFO server.py Запущен сервер, порт для подключений: "7777", адрес с которого принимаются подключения: "". Если адрес не указан, принимаются соединения с любых адресов.
2022-03-22 21:21:14,987 INFO server.py Запущен сервер, порт для подключений: "7777", адрес с которого принимаются подключения: "". Если адрес не указан, принимаются соединения с любых адресов.
2022-03-22 21:21:36,078 INFO server.py Запущен сервер, порт для подключений: "7777", адрес с которого принимаются подключения: "". Если адрес не указан, принимаются соединения с любых адресов.
2022-03-22 21:21:39,810 DEBUG server.py сообщение от клиента: '{'action': 'presence', 'time': 1647966099.8108678, 'type': 'status', 'user': {'account_name': 'default_user', 'status': 'Status report'}}'
2022-03-22 21:21:39,810 DEBUG server.py сформированный ответ: '{'response': 200, 'alert': 'OK'}'
2022-03-22 21:23:26,036 DEBUG server.py сообщение от клиента: '{'action': 'presence', 'time': 1647966206.0354848, 'type': 'status', 'user': {'account_name': 'default_user', 'status': 'Status report'}}'
2022-03-22 21:23:26,036 DEBUG server.py сформированный ответ: '{'response': 200, 'alert': 'OK'}'
2022-03-22 21:25:15,304 INFO server.py Запущен сервер, порт для подключений: "7777", адрес с которого принимаются подключения: "". Если адрес не указан, принимаются соединения с любых адресов.
2022-03-22 21:25:21,053 DEBUG server.py сообщение от клиента: '{'action': 'presence', 'time': 1647966321.0531359, 'type': 'status', 'user': {'account_name': 'default_user', 'status': 'Status report'}}'
2022-03-22 21:25:21,053 DEBUG server.py сформированный ответ: '{'response': 200, 'alert': 'OK'}'
